<?xml version="1.0" encoding="UTF-8"?>
<!-- Generated by org.testng.reporters.JUnitReportReporter -->
<testsuite hostname="Wrath" name="algorithms.and.data.structures.searching.TestBinaryMath" tests="1" failures="0" timestamp="7 Jan 2016 14:34:50 GMT" time="0.041" errors="0">
  <testcase name="testAddition" time="0.041" classname="algorithms.and.data.structures.searching.TestBinaryMath"/>
</testsuite> <!-- algorithms.and.data.structures.searching.TestBinaryMath -->
