<?xml version="1.0" encoding="UTF-8"?>
<!-- Generated by org.testng.reporters.JUnitReportReporter -->
<testsuite hostname="Wrath" name="algorithms.and.data.structures.TestInsertionSort" tests="4" failures="0" timestamp="6 Jan 2016 15:16:15 GMT" time="0.044" errors="0">
  <testcase name="testDecreasingOrder" time="0.001" classname="algorithms.and.data.structures.TestInsertionSort"/>
  <testcase name="test" time="0.001" classname="algorithms.and.data.structures.TestInsertionSort"/>
  <testcase name="test" time="0.042" classname="algorithms.and.data.structures.TestInsertionSort"/>
  <testcase name="testDecreasingOrder" time="0.000" classname="algorithms.and.data.structures.TestInsertionSort"/>
</testsuite> <!-- algorithms.and.data.structures.TestInsertionSort -->
