<?xml version="1.0" encoding="UTF-8"?>
<!-- Generated by org.testng.reporters.JUnitReportReporter -->
<testsuite hostname="Wrath" name="algorithms.and.data.structures.TestInsertionSort" tests="2" failures="0" timestamp="6 Jan 2016 14:43:19 GMT" time="0.040" errors="0">
  <testcase name="test" time="0.000" classname="algorithms.and.data.structures.TestInsertionSort"/>
  <testcase name="test" time="0.040" classname="algorithms.and.data.structures.TestInsertionSort"/>
</testsuite> <!-- algorithms.and.data.structures.TestInsertionSort -->
