<?xml version="1.0" encoding="UTF-8"?>
<!-- Generated by org.testng.reporters.JUnitReportReporter -->
<testsuite hostname="Wrath" name="algorithms.and.data.structures.searching.TestLinearSearch" tests="4" failures="0" timestamp="7 Jan 2016 13:41:49 GMT" time="0.041" errors="0">
  <testcase name="testNotFound" time="0.035" classname="algorithms.and.data.structures.searching.TestLinearSearch"/>
  <testcase name="testSearch" time="0.001" classname="algorithms.and.data.structures.searching.TestLinearSearch"/>
  <testcase name="testNotFound" time="0.001" classname="algorithms.and.data.structures.searching.TestLinearSearch"/>
  <testcase name="testSearch" time="0.004" classname="algorithms.and.data.structures.searching.TestLinearSearch"/>
</testsuite> <!-- algorithms.and.data.structures.searching.TestLinearSearch -->
