<?xml version="1.0" encoding="UTF-8"?>
<!-- Generated by org.testng.reporters.JUnitReportReporter -->
<testsuite hostname="LAPTOP-U9HPVFIS" name="classyman.algorithmsintro.searching.TestBinarySearch" tests="6" failures="0" timestamp="11 Jan 2016 01:46:31 GMT" time="0.223" errors="0">
  <testcase name="testNotFound" time="0.211" classname="classyman.algorithmsintro.searching.TestBinarySearch"/>
  <testcase name="testNotFound" time="0.002" classname="classyman.algorithmsintro.searching.TestBinarySearch"/>
  <testcase name="testNotFound" time="0.003" classname="classyman.algorithmsintro.searching.TestBinarySearch"/>
  <testcase name="testNotFound" time="0.003" classname="classyman.algorithmsintro.searching.TestBinarySearch"/>
  <testcase name="testNotFound" time="0.002" classname="classyman.algorithmsintro.searching.TestBinarySearch"/>
  <testcase name="testNotFound" time="0.002" classname="classyman.algorithmsintro.searching.TestBinarySearch"/>
</testsuite> <!-- classyman.algorithmsintro.searching.TestBinarySearch -->
