<?xml version="1.0" encoding="UTF-8"?>
<!-- Generated by org.testng.reporters.JUnitReportReporter -->
<testsuite hostname="Wrath" name="classyman.algorithmsintro.searching.TestLinearSearch" tests="4" failures="0" timestamp="8 Jan 2016 17:17:14 GMT" time="0.036" errors="0">
  <testcase name="testNotFound" time="0.033" classname="classyman.algorithmsintro.searching.TestLinearSearch"/>
  <testcase name="testSearch" time="0.002" classname="classyman.algorithmsintro.searching.TestLinearSearch"/>
  <testcase name="testNotFound" time="0.000" classname="classyman.algorithmsintro.searching.TestLinearSearch"/>
  <testcase name="testSearch" time="0.001" classname="classyman.algorithmsintro.searching.TestLinearSearch"/>
</testsuite> <!-- classyman.algorithmsintro.searching.TestLinearSearch -->
