<?xml version="1.0" encoding="UTF-8"?>
<!-- Generated by org.testng.reporters.JUnitReportReporter -->
<testsuite hostname="LAPTOP-U9HPVFIS" name="classyman.algorithmsintro.sorting.TestMergeSort" tests="1" failures="0" timestamp="10 Jan 2016 00:53:23 GMT" time="0.773" errors="0">
  <testcase name="testSortRandom" time="0.773" classname="classyman.algorithmsintro.sorting.TestMergeSort"/>
</testsuite> <!-- classyman.algorithmsintro.sorting.TestMergeSort -->
