<?xml version="1.0" encoding="UTF-8"?>
<!-- Generated by org.testng.reporters.JUnitReportReporter -->
<testsuite hostname="LAPTOP-U9HPVFIS" name="classyman.algorithmsintro.sorting.TestMergeSort" tests="6" failures="0" timestamp="10 Jan 2016 00:12:35 GMT" time="0.270" errors="1">
  <testcase name="testMergeSort" time="0.005" classname="classyman.algorithmsintro.sorting.TestMergeSort"/>
  <testcase name="testMergeSort" time="0.006" classname="classyman.algorithmsintro.sorting.TestMergeSort"/>
  <testcase name="testMergeOperation" time="0.216" classname="classyman.algorithmsintro.sorting.TestMergeSort"/>
  <testcase name="testMergeSort" time="0.003" classname="classyman.algorithmsintro.sorting.TestMergeSort"/>
  <testcase name="testMergeSort" time="0.037" classname="classyman.algorithmsintro.sorting.TestMergeSort">
    <error type="java.lang.AssertionError" message="
Actual and expected should have same size but actual size was:
  &lt;15&gt;
while expected size was:
  &lt;11&gt;
Actual was:
  &lt;[3, 3, 13, 42, 47, 55, 125, 232, 236, 444, 521, 2512, 4346, 12423, 73474]&gt;
Expected was:
  &lt;[3, 3, 13, 42, 47, 55, 125, 232, 236, 444, 521]&gt;
">
      <![CDATA[java.lang.AssertionError: 
Actual and expected should have same size but actual size was:
  <15>
while expected size was:
  <11>
Actual was:
  <[3, 3, 13, 42, 47, 55, 125, 232, 236, 444, 521, 2512, 4346, 12423, 73474]>
Expected was:
  <[3, 3, 13, 42, 47, 55, 125, 232, 236, 444, 521]>

	at classyman.algorithmsintro.sorting.TestMergeSort.testMergeSort(TestMergeSort.java:43)
	at sun.reflect.NativeMethodAccessorImpl.invoke0(Native Method)
	at sun.reflect.NativeMethodAccessorImpl.invoke(Unknown Source)
	at sun.reflect.DelegatingMethodAccessorImpl.invoke(Unknown Source)
	at java.lang.reflect.Method.invoke(Unknown Source)
	at org.testng.internal.MethodInvocationHelper.invokeMethod(MethodInvocationHelper.java:84)
	at org.testng.internal.Invoker.invokeMethod(Invoker.java:714)
	at org.testng.internal.Invoker.invokeTestMethod(Invoker.java:901)
	at org.testng.internal.Invoker.invokeTestMethods(Invoker.java:1231)
	at org.testng.internal.TestMethodWorker.invokeTestMethods(TestMethodWorker.java:127)
	at org.testng.internal.TestMethodWorker.run(TestMethodWorker.java:111)
	at org.testng.TestRunner.privateRun(TestRunner.java:767)
	at org.testng.TestRunner.run(TestRunner.java:617)
	at org.testng.SuiteRunner.runTest(SuiteRunner.java:334)
	at org.testng.SuiteRunner.runSequentially(SuiteRunner.java:329)
	at org.testng.SuiteRunner.privateRun(SuiteRunner.java:291)
	at org.testng.SuiteRunner.run(SuiteRunner.java:240)
	at org.testng.SuiteRunnerWorker.runSuite(SuiteRunnerWorker.java:52)
	at org.testng.SuiteRunnerWorker.run(SuiteRunnerWorker.java:86)
	at org.testng.TestNG.runSuitesSequentially(TestNG.java:1224)
	at org.testng.TestNG.runSuitesLocally(TestNG.java:1149)
	at org.testng.TestNG.run(TestNG.java:1057)
	at org.testng.remote.RemoteTestNG.run(RemoteTestNG.java:115)
	at org.testng.remote.RemoteTestNG.initAndRun(RemoteTestNG.java:207)
	at org.testng.remote.RemoteTestNG.main(RemoteTestNG.java:178)
]]>
    </error>
  </testcase> <!-- testMergeSort -->
  <testcase name="testMergeSort" time="0.003" classname="classyman.algorithmsintro.sorting.TestMergeSort"/>
</testsuite> <!-- classyman.algorithmsintro.sorting.TestMergeSort -->
