<?xml version="1.0" encoding="UTF-8"?>
<!-- Generated by org.testng.reporters.JUnitReportReporter -->
<testsuite hostname="LT1191" name="classyman.algorithmsintro.searching.TestSquareRootSearchNonRecursive" tests="13" failures="0" timestamp="20 Dec 2018 02:00:11 GMT" time="0.077" errors="0">
  <testcase name="testSearch" time="0.001" classname="classyman.algorithmsintro.searching.TestSquareRootSearchNonRecursive"/>
  <testcase name="testSearch" time="0.001" classname="classyman.algorithmsintro.searching.TestSquareRootSearchNonRecursive"/>
  <testcase name="testSearch" time="0.002" classname="classyman.algorithmsintro.searching.TestSquareRootSearchNonRecursive"/>
  <testcase name="testSearch" time="0.001" classname="classyman.algorithmsintro.searching.TestSquareRootSearchNonRecursive"/>
  <testcase name="testSearch" time="0.001" classname="classyman.algorithmsintro.searching.TestSquareRootSearchNonRecursive"/>
  <testcase name="testSearch" time="0.002" classname="classyman.algorithmsintro.searching.TestSquareRootSearchNonRecursive"/>
  <testcase name="testSearch" time="0.001" classname="classyman.algorithmsintro.searching.TestSquareRootSearchNonRecursive"/>
  <testcase name="testSearch" time="0.002" classname="classyman.algorithmsintro.searching.TestSquareRootSearchNonRecursive"/>
  <testcase name="testSearch" time="0.001" classname="classyman.algorithmsintro.searching.TestSquareRootSearchNonRecursive"/>
  <testcase name="testSearch" time="0.001" classname="classyman.algorithmsintro.searching.TestSquareRootSearchNonRecursive"/>
  <testcase name="testSearch" time="0.062" classname="classyman.algorithmsintro.searching.TestSquareRootSearchNonRecursive"/>
  <testcase name="testSearch" time="0.001" classname="classyman.algorithmsintro.searching.TestSquareRootSearchNonRecursive"/>
  <testcase name="testSearch" time="0.001" classname="classyman.algorithmsintro.searching.TestSquareRootSearchNonRecursive"/>
</testsuite> <!-- classyman.algorithmsintro.searching.TestSquareRootSearchNonRecursive -->
