<?xml version="1.0" encoding="UTF-8"?>
<!-- Generated by org.testng.reporters.JUnitReportReporter -->
<testsuite hostname="LAPTOP-U9HPVFIS" name="classyman.algorithmsintro.searching.TestBinarySearch" tests="7" failures="0" timestamp="11 Jan 2016 00:15:45 GMT" time="0.271" errors="0">
  <testcase name="testNotFound" time="0.002" classname="classyman.algorithmsintro.searching.TestBinarySearch"/>
  <testcase name="testNotFound" time="0.236" classname="classyman.algorithmsintro.searching.TestBinarySearch"/>
  <testcase name="testNotFound" time="0.002" classname="classyman.algorithmsintro.searching.TestBinarySearch"/>
  <testcase name="testSearch" time="0.002" classname="classyman.algorithmsintro.searching.TestBinarySearch"/>
  <testcase name="testNotFound" time="0.004" classname="classyman.algorithmsintro.searching.TestBinarySearch"/>
  <testcase name="testSearch" time="0.023" classname="classyman.algorithmsintro.searching.TestBinarySearch"/>
  <testcase name="testSearch" time="0.002" classname="classyman.algorithmsintro.searching.TestBinarySearch"/>
</testsuite> <!-- classyman.algorithmsintro.searching.TestBinarySearch -->
