<?xml version="1.0" encoding="UTF-8"?>
<!-- Generated by org.testng.reporters.JUnitReportReporter -->
<testsuite hostname="LT1191" name="classyman.algorithmsintro.searching.TestBinarySearch" tests="9" failures="0" timestamp="25 Nov 2018 20:13:33 GMT" time="0.070" errors="0">
  <testcase name="testSearch" time="0.001" classname="classyman.algorithmsintro.searching.TestBinarySearch"/>
  <testcase name="testNotFound" time="0.003" classname="classyman.algorithmsintro.searching.TestBinarySearch"/>
  <testcase name="testNotFound" time="0.002" classname="classyman.algorithmsintro.searching.TestBinarySearch"/>
  <testcase name="testNotFound" time="0.001" classname="classyman.algorithmsintro.searching.TestBinarySearch"/>
  <testcase name="testSearch" time="0.001" classname="classyman.algorithmsintro.searching.TestBinarySearch"/>
  <testcase name="testNotFound" time="0.001" classname="classyman.algorithmsintro.searching.TestBinarySearch"/>
  <testcase name="testNotFound" time="0.058" classname="classyman.algorithmsintro.searching.TestBinarySearch"/>
  <testcase name="testNotFound" time="0.001" classname="classyman.algorithmsintro.searching.TestBinarySearch"/>
  <testcase name="testSearch" time="0.002" classname="classyman.algorithmsintro.searching.TestBinarySearch"/>
</testsuite> <!-- classyman.algorithmsintro.searching.TestBinarySearch -->
