<?xml version="1.0" encoding="UTF-8"?>
<!-- Generated by org.testng.reporters.JUnitReportReporter -->
<testsuite hostname="Wrath" name="classyman.algorithmsintro.math.TestBinaryMath" tests="1" failures="0" timestamp="8 Jan 2016 17:17:14 GMT" time="0.001" errors="0">
  <testcase name="testAddition" time="0.001" classname="classyman.algorithmsintro.math.TestBinaryMath"/>
</testsuite> <!-- classyman.algorithmsintro.math.TestBinaryMath -->
