<?xml version="1.0" encoding="UTF-8"?>
<!-- Generated by org.testng.reporters.JUnitReportReporter -->
<testsuite hostname="LT1191" name="classyman.algorithmsintro.searching.TestSquareRootSearch" tests="1" failures="0" timestamp="17 Dec 2018 01:10:22 GMT" time="0.065" errors="0">
  <testcase name="testSearch" time="0.065" classname="classyman.algorithmsintro.searching.TestSquareRootSearch"/>
</testsuite> <!-- classyman.algorithmsintro.searching.TestSquareRootSearch -->
