<?xml version="1.0" encoding="UTF-8"?>
<!-- Generated by org.testng.reporters.JUnitReportReporter -->
<testsuite hostname="LAPTOP-U9HPVFIS" name="examples_2.TestExample_2_3_7" tests="6" failures="0" timestamp="13 Jan 2016 02:57:00 GMT" time="0.200" errors="0">
  <testcase name="testExample" time="0.002" classname="examples_2.TestExample_2_3_7"/>
  <testcase name="testExample" time="0.002" classname="examples_2.TestExample_2_3_7"/>
  <testcase name="testExample" time="0.014" classname="examples_2.TestExample_2_3_7"/>
  <testcase name="testExample" time="0.177" classname="examples_2.TestExample_2_3_7"/>
  <testcase name="testExample" time="0.003" classname="examples_2.TestExample_2_3_7"/>
  <testcase name="testExample" time="0.002" classname="examples_2.TestExample_2_3_7"/>
</testsuite> <!-- examples_2.TestExample_2_3_7 -->
