<?xml version="1.0" encoding="UTF-8"?>
<!-- Generated by org.testng.reporters.JUnitReportReporter -->
<testsuite hostname="Wrath" name="classyman.algorithmsintro.sorting.TestSelectionSort" tests="4" failures="0" timestamp="8 Jan 2016 17:17:14 GMT" time="0.006" errors="0">
  <testcase name="test" time="0.003" classname="classyman.algorithmsintro.sorting.TestSelectionSort"/>
  <testcase name="test" time="0.001" classname="classyman.algorithmsintro.sorting.TestSelectionSort"/>
  <testcase name="testDecreasingOrder" time="0.001" classname="classyman.algorithmsintro.sorting.TestSelectionSort"/>
  <testcase name="testDecreasingOrder" time="0.001" classname="classyman.algorithmsintro.sorting.TestSelectionSort"/>
</testsuite> <!-- classyman.algorithmsintro.sorting.TestSelectionSort -->
