<?xml version="1.0" encoding="UTF-8"?>
<!-- Generated by org.testng.reporters.JUnitReportReporter -->
<testsuite hostname="LAPTOP-U9HPVFIS" name="classyman.algorithmsintro.sorting.TestMergeSort" tests="1" failures="0" timestamp="8 Jan 2016 23:17:45 GMT" time="0.209" errors="0">
  <testcase name="testMergeOperation" time="0.209" classname="classyman.algorithmsintro.sorting.TestMergeSort"/>
</testsuite> <!-- classyman.algorithmsintro.sorting.TestMergeSort -->
