<?xml version="1.0" encoding="UTF-8"?>
<!-- Generated by org.testng.reporters.JUnitReportReporter -->
<testsuite hostname="LT1191" name="classyman.algorithmsintro.searching.TestNonRecursiveBinarySearch" tests="9" failures="0" timestamp="25 Nov 2018 20:55:09 GMT" time="0.064" errors="0">
  <testcase name="testSearch" time="0.000" classname="classyman.algorithmsintro.searching.TestNonRecursiveBinarySearch"/>
  <testcase name="testNotFound" time="0.002" classname="classyman.algorithmsintro.searching.TestNonRecursiveBinarySearch"/>
  <testcase name="testNotFound" time="0.001" classname="classyman.algorithmsintro.searching.TestNonRecursiveBinarySearch"/>
  <testcase name="testNotFound" time="0.001" classname="classyman.algorithmsintro.searching.TestNonRecursiveBinarySearch"/>
  <testcase name="testSearch" time="0.001" classname="classyman.algorithmsintro.searching.TestNonRecursiveBinarySearch"/>
  <testcase name="testNotFound" time="0.001" classname="classyman.algorithmsintro.searching.TestNonRecursiveBinarySearch"/>
  <testcase name="testNotFound" time="0.056" classname="classyman.algorithmsintro.searching.TestNonRecursiveBinarySearch"/>
  <testcase name="testNotFound" time="0.001" classname="classyman.algorithmsintro.searching.TestNonRecursiveBinarySearch"/>
  <testcase name="testSearch" time="0.001" classname="classyman.algorithmsintro.searching.TestNonRecursiveBinarySearch"/>
</testsuite> <!-- classyman.algorithmsintro.searching.TestNonRecursiveBinarySearch -->
