<?xml version="1.0" encoding="UTF-8"?>
<!-- Generated by org.testng.reporters.JUnitReportReporter -->
<testsuite hostname="LT1191" name="classyman.algorithmsintro.searching.TestSquareRootSearch" tests="13" failures="0" timestamp="20 Dec 2018 01:51:11 GMT" time="0.099" errors="0">
  <testcase name="testSearch" time="0.003" classname="classyman.algorithmsintro.searching.TestSquareRootSearch"/>
  <testcase name="testSearch" time="0.001" classname="classyman.algorithmsintro.searching.TestSquareRootSearch"/>
  <testcase name="testSearch" time="0.001" classname="classyman.algorithmsintro.searching.TestSquareRootSearch"/>
  <testcase name="testSearch" time="0.001" classname="classyman.algorithmsintro.searching.TestSquareRootSearch"/>
  <testcase name="testSearch" time="0.002" classname="classyman.algorithmsintro.searching.TestSquareRootSearch"/>
  <testcase name="testSearch" time="0.002" classname="classyman.algorithmsintro.searching.TestSquareRootSearch"/>
  <testcase name="testSearch" time="0.001" classname="classyman.algorithmsintro.searching.TestSquareRootSearch"/>
  <testcase name="testSearch" time="0.001" classname="classyman.algorithmsintro.searching.TestSquareRootSearch"/>
  <testcase name="testSearch" time="0.002" classname="classyman.algorithmsintro.searching.TestSquareRootSearch"/>
  <testcase name="testSearch" time="0.002" classname="classyman.algorithmsintro.searching.TestSquareRootSearch"/>
  <testcase name="testSearch" time="0.081" classname="classyman.algorithmsintro.searching.TestSquareRootSearch"/>
  <testcase name="testSearch" time="0.001" classname="classyman.algorithmsintro.searching.TestSquareRootSearch"/>
  <testcase name="testSearch" time="0.001" classname="classyman.algorithmsintro.searching.TestSquareRootSearch"/>
</testsuite> <!-- classyman.algorithmsintro.searching.TestSquareRootSearch -->
